[0.233s] DEBUG:colcon:Command line arguments: ['/usr/bin/colcon', 'build', '--symlink-install']
[0.233s] DEBUG:colcon:Parsed command line arguments: Namespace(log_base=None, log_level=None, verb_name='build', build_base='build', install_base='install', merge_install=False, symlink_install=True, test_result_base=None, continue_on_error=False, executor='parallel', parallel_workers=4, event_handlers=None, ignore_user_meta=False, metas=['./colcon.meta'], base_paths=['.'], packages_ignore=None, packages_ignore_regex=None, paths=None, packages_up_to=None, packages_up_to_regex=None, packages_above=None, packages_above_and_dependencies=None, packages_above_depth=None, packages_select_by_dep=None, packages_skip_by_dep=None, packages_skip_up_to=None, packages_select_build_failed=False, packages_skip_build_finished=False, packages_select_test_failures=False, packages_skip_test_passed=False, packages_select=None, packages_skip=None, packages_select_regex=None, packages_skip_regex=None, packages_start=None, packages_end=None, allow_overriding=[], cmake_args=None, cmake_target=None, cmake_target_skip_unavailable=False, cmake_clean_cache=False, cmake_clean_first=False, cmake_force_configure=False, ament_cmake_args=None, catkin_cmake_args=None, catkin_skip_building_tests=False, mixin_files=None, mixin=None, verb_parser=<colcon_mixin.mixin.mixin_argument.MixinArgumentDecorator object at 0xffff927c5460>, verb_extension=<colcon_core.verb.build.BuildVerb object at 0xffff9268eb10>, main=<bound method BuildVerb.main of <colcon_core.verb.build.BuildVerb object at 0xffff9268eb10>>, mixin_verb=('build',))
[0.323s] Level 1:colcon.colcon_core.package_discovery:discover_packages(colcon_meta) check parameters
[0.323s] Level 1:colcon.colcon_core.package_discovery:discover_packages(recursive) check parameters
[0.323s] Level 1:colcon.colcon_core.package_discovery:discover_packages(ignore) check parameters
[0.324s] Level 1:colcon.colcon_core.package_discovery:discover_packages(path) check parameters
[0.324s] Level 1:colcon.colcon_core.package_discovery:discover_packages(colcon_meta) discover
[0.324s] Level 1:colcon.colcon_core.package_discovery:discover_packages(recursive) discover
[0.324s] INFO:colcon.colcon_core.package_discovery:Crawling recursively for packages in '/home/rbrv/ros2_ws'
[0.324s] Level 1:colcon.colcon_core.package_identification:_identify(.) by extensions ['ignore', 'ignore_ament_install']
[0.324s] Level 1:colcon.colcon_core.package_identification:_identify(.) by extension 'ignore'
[0.324s] Level 1:colcon.colcon_core.package_identification:_identify(.) by extension 'ignore_ament_install'
[0.324s] Level 1:colcon.colcon_core.package_identification:_identify(.) by extensions ['colcon_pkg']
[0.324s] Level 1:colcon.colcon_core.package_identification:_identify(.) by extension 'colcon_pkg'
[0.324s] Level 1:colcon.colcon_core.package_identification:_identify(.) by extensions ['colcon_meta']
[0.324s] Level 1:colcon.colcon_core.package_identification:_identify(.) by extension 'colcon_meta'
[0.324s] Level 1:colcon.colcon_core.package_identification:_identify(.) by extensions ['ros']
[0.325s] Level 1:colcon.colcon_core.package_identification:_identify(.) by extension 'ros'
[0.365s] Level 1:colcon.colcon_core.package_identification:_identify(.) by extensions ['cmake', 'python']
[0.365s] Level 1:colcon.colcon_core.package_identification:_identify(.) by extension 'cmake'
[0.365s] Level 1:colcon.colcon_core.package_identification:_identify(.) by extension 'python'
[0.365s] Level 1:colcon.colcon_core.package_identification:_identify(.) by extensions ['python_setup_py']
[0.365s] Level 1:colcon.colcon_core.package_identification:_identify(.) by extension 'python_setup_py'
[0.365s] Level 1:colcon.colcon_core.package_identification:_identify(build) by extensions ['ignore', 'ignore_ament_install']
[0.365s] Level 1:colcon.colcon_core.package_identification:_identify(build) by extension 'ignore'
[0.365s] Level 1:colcon.colcon_core.package_identification:_identify(build) ignored
[0.366s] Level 1:colcon.colcon_core.package_identification:_identify(install) by extensions ['ignore', 'ignore_ament_install']
[0.366s] Level 1:colcon.colcon_core.package_identification:_identify(install) by extension 'ignore'
[0.366s] Level 1:colcon.colcon_core.package_identification:_identify(install) ignored
[0.366s] Level 1:colcon.colcon_core.package_identification:_identify(log) by extensions ['ignore', 'ignore_ament_install']
[0.366s] Level 1:colcon.colcon_core.package_identification:_identify(log) by extension 'ignore'
[0.366s] Level 1:colcon.colcon_core.package_identification:_identify(log) ignored
[0.366s] Level 1:colcon.colcon_core.package_identification:_identify(src) by extensions ['ignore', 'ignore_ament_install']
[0.366s] Level 1:colcon.colcon_core.package_identification:_identify(src) by extension 'ignore'
[0.366s] Level 1:colcon.colcon_core.package_identification:_identify(src) by extension 'ignore_ament_install'
[0.366s] Level 1:colcon.colcon_core.package_identification:_identify(src) by extensions ['colcon_pkg']
[0.366s] Level 1:colcon.colcon_core.package_identification:_identify(src) by extension 'colcon_pkg'
[0.366s] Level 1:colcon.colcon_core.package_identification:_identify(src) by extensions ['colcon_meta']
[0.366s] Level 1:colcon.colcon_core.package_identification:_identify(src) by extension 'colcon_meta'
[0.367s] Level 1:colcon.colcon_core.package_identification:_identify(src) by extensions ['ros']
[0.367s] Level 1:colcon.colcon_core.package_identification:_identify(src) by extension 'ros'
[0.367s] Level 1:colcon.colcon_core.package_identification:_identify(src) by extensions ['cmake', 'python']
[0.367s] Level 1:colcon.colcon_core.package_identification:_identify(src) by extension 'cmake'
[0.367s] Level 1:colcon.colcon_core.package_identification:_identify(src) by extension 'python'
[0.367s] Level 1:colcon.colcon_core.package_identification:_identify(src) by extensions ['python_setup_py']
[0.367s] Level 1:colcon.colcon_core.package_identification:_identify(src) by extension 'python_setup_py'
[0.367s] Level 1:colcon.colcon_core.package_identification:_identify(src/imu_sensor) by extensions ['ignore', 'ignore_ament_install']
[0.367s] Level 1:colcon.colcon_core.package_identification:_identify(src/imu_sensor) by extension 'ignore'
[0.367s] Level 1:colcon.colcon_core.package_identification:_identify(src/imu_sensor) by extension 'ignore_ament_install'
[0.367s] Level 1:colcon.colcon_core.package_identification:_identify(src/imu_sensor) by extensions ['colcon_pkg']
[0.367s] Level 1:colcon.colcon_core.package_identification:_identify(src/imu_sensor) by extension 'colcon_pkg'
[0.367s] Level 1:colcon.colcon_core.package_identification:_identify(src/imu_sensor) by extensions ['colcon_meta']
[0.367s] Level 1:colcon.colcon_core.package_identification:_identify(src/imu_sensor) by extension 'colcon_meta'
[0.367s] Level 1:colcon.colcon_core.package_identification:_identify(src/imu_sensor) by extensions ['ros']
[0.367s] Level 1:colcon.colcon_core.package_identification:_identify(src/imu_sensor) by extension 'ros'
[0.371s] DEBUG:colcon.colcon_core.package_identification:Package 'src/imu_sensor' with type 'ros.ament_python' and name 'imu_sensor'
[0.371s] Level 1:colcon.colcon_core.package_identification:_identify(src/mecanum_driver_pid) by extensions ['ignore', 'ignore_ament_install']
[0.371s] Level 1:colcon.colcon_core.package_identification:_identify(src/mecanum_driver_pid) by extension 'ignore'
[0.371s] Level 1:colcon.colcon_core.package_identification:_identify(src/mecanum_driver_pid) by extension 'ignore_ament_install'
[0.371s] Level 1:colcon.colcon_core.package_identification:_identify(src/mecanum_driver_pid) by extensions ['colcon_pkg']
[0.371s] Level 1:colcon.colcon_core.package_identification:_identify(src/mecanum_driver_pid) by extension 'colcon_pkg'
[0.371s] Level 1:colcon.colcon_core.package_identification:_identify(src/mecanum_driver_pid) by extensions ['colcon_meta']
[0.371s] Level 1:colcon.colcon_core.package_identification:_identify(src/mecanum_driver_pid) by extension 'colcon_meta'
[0.371s] Level 1:colcon.colcon_core.package_identification:_identify(src/mecanum_driver_pid) by extensions ['ros']
[0.371s] Level 1:colcon.colcon_core.package_identification:_identify(src/mecanum_driver_pid) by extension 'ros'
[0.372s] DEBUG:colcon.colcon_core.package_identification:Package 'src/mecanum_driver_pid' with type 'ros.ament_python' and name 'mecanum_driver_pid'
[0.372s] Level 1:colcon.colcon_core.package_identification:_identify(src/motor_driver_test) by extensions ['ignore', 'ignore_ament_install']
[0.372s] Level 1:colcon.colcon_core.package_identification:_identify(src/motor_driver_test) by extension 'ignore'
[0.373s] Level 1:colcon.colcon_core.package_identification:_identify(src/motor_driver_test) by extension 'ignore_ament_install'
[0.373s] Level 1:colcon.colcon_core.package_identification:_identify(src/motor_driver_test) by extensions ['colcon_pkg']
[0.373s] Level 1:colcon.colcon_core.package_identification:_identify(src/motor_driver_test) by extension 'colcon_pkg'
[0.373s] Level 1:colcon.colcon_core.package_identification:_identify(src/motor_driver_test) by extensions ['colcon_meta']
[0.373s] Level 1:colcon.colcon_core.package_identification:_identify(src/motor_driver_test) by extension 'colcon_meta'
[0.373s] Level 1:colcon.colcon_core.package_identification:_identify(src/motor_driver_test) by extensions ['ros']
[0.373s] Level 1:colcon.colcon_core.package_identification:_identify(src/motor_driver_test) by extension 'ros'
[0.374s] DEBUG:colcon.colcon_core.package_identification:Package 'src/motor_driver_test' with type 'ros.ament_python' and name 'motor_driver_test'
[0.374s] Level 1:colcon.colcon_core.package_discovery:discover_packages(recursive) using defaults
[0.374s] Level 1:colcon.colcon_core.package_discovery:discover_packages(ignore) discover
[0.374s] Level 1:colcon.colcon_core.package_discovery:discover_packages(ignore) using defaults
[0.374s] Level 1:colcon.colcon_core.package_discovery:discover_packages(path) discover
[0.374s] Level 1:colcon.colcon_core.package_discovery:discover_packages(path) using defaults
[0.402s] Level 1:colcon.colcon_core.package_discovery:discover_packages(prefix_path) check parameters
[0.402s] Level 1:colcon.colcon_core.package_discovery:discover_packages(prefix_path) discover
[0.404s] WARNING:colcon.colcon_ros.prefix_path.ament:The path '/home/rbrv/ros2_ws/install/motor_driver_test' in the environment variable AMENT_PREFIX_PATH doesn't exist
[0.404s] WARNING:colcon.colcon_ros.prefix_path.ament:The path '/home/rbrv/ros2_ws/install/mecanum_driver_pid' in the environment variable AMENT_PREFIX_PATH doesn't exist
[0.404s] WARNING:colcon.colcon_ros.prefix_path.ament:The path '/home/rbrv/ros2_ws/install/imu_sensor' in the environment variable AMENT_PREFIX_PATH doesn't exist
[0.406s] DEBUG:colcon.colcon_installed_package_information.package_discovery:Found 0 installed packages in /home/rbrv/ros2_ws/install
[0.407s] DEBUG:colcon.colcon_installed_package_information.package_discovery:Found 1 installed packages in /home/rbrv/ydlidar_ros2_ws/install
[0.411s] DEBUG:colcon.colcon_installed_package_information.package_discovery:Found 361 installed packages in /opt/ros/jazzy
[0.419s] Level 1:colcon.colcon_core.package_discovery:discover_packages(prefix_path) using defaults
[0.500s] Level 5:colcon.colcon_core.verb:set package 'imu_sensor' build argument 'cmake_args' from command line to 'None'
[0.500s] Level 5:colcon.colcon_core.verb:set package 'imu_sensor' build argument 'cmake_target' from command line to 'None'
[0.500s] Level 5:colcon.colcon_core.verb:set package 'imu_sensor' build argument 'cmake_target_skip_unavailable' from command line to 'False'
[0.500s] Level 5:colcon.colcon_core.verb:set package 'imu_sensor' build argument 'cmake_clean_cache' from command line to 'False'
[0.500s] Level 5:colcon.colcon_core.verb:set package 'imu_sensor' build argument 'cmake_clean_first' from command line to 'False'
[0.500s] Level 5:colcon.colcon_core.verb:set package 'imu_sensor' build argument 'cmake_force_configure' from command line to 'False'
[0.500s] Level 5:colcon.colcon_core.verb:set package 'imu_sensor' build argument 'ament_cmake_args' from command line to 'None'
[0.500s] Level 5:colcon.colcon_core.verb:set package 'imu_sensor' build argument 'catkin_cmake_args' from command line to 'None'
[0.500s] Level 5:colcon.colcon_core.verb:set package 'imu_sensor' build argument 'catkin_skip_building_tests' from command line to 'False'
[0.500s] DEBUG:colcon.colcon_core.verb:Building package 'imu_sensor' with the following arguments: {'ament_cmake_args': None, 'build_base': '/home/rbrv/ros2_ws/build/imu_sensor', 'catkin_cmake_args': None, 'catkin_skip_building_tests': False, 'cmake_args': None, 'cmake_clean_cache': False, 'cmake_clean_first': False, 'cmake_force_configure': False, 'cmake_target': None, 'cmake_target_skip_unavailable': False, 'install_base': '/home/rbrv/ros2_ws/install/imu_sensor', 'merge_install': False, 'path': '/home/rbrv/ros2_ws/src/imu_sensor', 'symlink_install': True, 'test_result_base': None}
[0.501s] Level 5:colcon.colcon_core.verb:set package 'mecanum_driver_pid' build argument 'cmake_args' from command line to 'None'
[0.501s] Level 5:colcon.colcon_core.verb:set package 'mecanum_driver_pid' build argument 'cmake_target' from command line to 'None'
[0.501s] Level 5:colcon.colcon_core.verb:set package 'mecanum_driver_pid' build argument 'cmake_target_skip_unavailable' from command line to 'False'
[0.501s] Level 5:colcon.colcon_core.verb:set package 'mecanum_driver_pid' build argument 'cmake_clean_cache' from command line to 'False'
[0.501s] Level 5:colcon.colcon_core.verb:set package 'mecanum_driver_pid' build argument 'cmake_clean_first' from command line to 'False'
[0.501s] Level 5:colcon.colcon_core.verb:set package 'mecanum_driver_pid' build argument 'cmake_force_configure' from command line to 'False'
[0.501s] Level 5:colcon.colcon_core.verb:set package 'mecanum_driver_pid' build argument 'ament_cmake_args' from command line to 'None'
[0.501s] Level 5:colcon.colcon_core.verb:set package 'mecanum_driver_pid' build argument 'catkin_cmake_args' from command line to 'None'
[0.501s] Level 5:colcon.colcon_core.verb:set package 'mecanum_driver_pid' build argument 'catkin_skip_building_tests' from command line to 'False'
[0.501s] DEBUG:colcon.colcon_core.verb:Building package 'mecanum_driver_pid' with the following arguments: {'ament_cmake_args': None, 'build_base': '/home/rbrv/ros2_ws/build/mecanum_driver_pid', 'catkin_cmake_args': None, 'catkin_skip_building_tests': False, 'cmake_args': None, 'cmake_clean_cache': False, 'cmake_clean_first': False, 'cmake_force_configure': False, 'cmake_target': None, 'cmake_target_skip_unavailable': False, 'install_base': '/home/rbrv/ros2_ws/install/mecanum_driver_pid', 'merge_install': False, 'path': '/home/rbrv/ros2_ws/src/mecanum_driver_pid', 'symlink_install': True, 'test_result_base': None}
[0.501s] Level 5:colcon.colcon_core.verb:set package 'motor_driver_test' build argument 'cmake_args' from command line to 'None'
[0.501s] Level 5:colcon.colcon_core.verb:set package 'motor_driver_test' build argument 'cmake_target' from command line to 'None'
[0.501s] Level 5:colcon.colcon_core.verb:set package 'motor_driver_test' build argument 'cmake_target_skip_unavailable' from command line to 'False'
[0.501s] Level 5:colcon.colcon_core.verb:set package 'motor_driver_test' build argument 'cmake_clean_cache' from command line to 'False'
[0.501s] Level 5:colcon.colcon_core.verb:set package 'motor_driver_test' build argument 'cmake_clean_first' from command line to 'False'
[0.502s] Level 5:colcon.colcon_core.verb:set package 'motor_driver_test' build argument 'cmake_force_configure' from command line to 'False'
[0.502s] Level 5:colcon.colcon_core.verb:set package 'motor_driver_test' build argument 'ament_cmake_args' from command line to 'None'
[0.502s] Level 5:colcon.colcon_core.verb:set package 'motor_driver_test' build argument 'catkin_cmake_args' from command line to 'None'
[0.502s] Level 5:colcon.colcon_core.verb:set package 'motor_driver_test' build argument 'catkin_skip_building_tests' from command line to 'False'
[0.502s] DEBUG:colcon.colcon_core.verb:Building package 'motor_driver_test' with the following arguments: {'ament_cmake_args': None, 'build_base': '/home/rbrv/ros2_ws/build/motor_driver_test', 'catkin_cmake_args': None, 'catkin_skip_building_tests': False, 'cmake_args': None, 'cmake_clean_cache': False, 'cmake_clean_first': False, 'cmake_force_configure': False, 'cmake_target': None, 'cmake_target_skip_unavailable': False, 'install_base': '/home/rbrv/ros2_ws/install/motor_driver_test', 'merge_install': False, 'path': '/home/rbrv/ros2_ws/src/motor_driver_test', 'symlink_install': True, 'test_result_base': None}
[0.502s] INFO:colcon.colcon_core.executor:Executing jobs using 'parallel' executor
[0.503s] DEBUG:colcon.colcon_parallel_executor.executor.parallel:run_until_complete
[0.504s] INFO:colcon.colcon_ros.task.ament_python.build:Building ROS package in '/home/rbrv/ros2_ws/src/imu_sensor' with build type 'ament_python'
[0.505s] Level 1:colcon.colcon_core.shell:create_environment_hook('imu_sensor', 'ament_prefix_path')
[0.512s] INFO:colcon.colcon_core.plugin_system:Skipping extension 'colcon_core.shell.bat': Not used on non-Windows systems
[0.512s] INFO:colcon.colcon_core.shell:Creating environment hook '/home/rbrv/ros2_ws/install/imu_sensor/share/imu_sensor/hook/ament_prefix_path.ps1'
[0.515s] INFO:colcon.colcon_core.shell:Creating environment descriptor '/home/rbrv/ros2_ws/install/imu_sensor/share/imu_sensor/hook/ament_prefix_path.dsv'
[0.517s] INFO:colcon.colcon_core.shell:Creating environment hook '/home/rbrv/ros2_ws/install/imu_sensor/share/imu_sensor/hook/ament_prefix_path.sh'
[0.519s] INFO:colcon.colcon_core.shell:Skip shell extension 'powershell' for command environment: Not usable outside of PowerShell
[0.519s] DEBUG:colcon.colcon_core.shell:Skip shell extension 'dsv' for command environment
[0.529s] INFO:colcon.colcon_ros.task.ament_python.build:Building ROS package in '/home/rbrv/ros2_ws/src/mecanum_driver_pid' with build type 'ament_python'
[0.529s] Level 1:colcon.colcon_core.shell:create_environment_hook('mecanum_driver_pid', 'ament_prefix_path')
[0.530s] INFO:colcon.colcon_core.shell:Creating environment hook '/home/rbrv/ros2_ws/install/mecanum_driver_pid/share/mecanum_driver_pid/hook/ament_prefix_path.ps1'
[0.531s] INFO:colcon.colcon_core.shell:Creating environment descriptor '/home/rbrv/ros2_ws/install/mecanum_driver_pid/share/mecanum_driver_pid/hook/ament_prefix_path.dsv'
[0.531s] INFO:colcon.colcon_core.shell:Creating environment hook '/home/rbrv/ros2_ws/install/mecanum_driver_pid/share/mecanum_driver_pid/hook/ament_prefix_path.sh'
[0.532s] INFO:colcon.colcon_core.shell:Skip shell extension 'powershell' for command environment: Not usable outside of PowerShell
[0.532s] DEBUG:colcon.colcon_core.shell:Skip shell extension 'dsv' for command environment
[0.537s] INFO:colcon.colcon_ros.task.ament_python.build:Building ROS package in '/home/rbrv/ros2_ws/src/motor_driver_test' with build type 'ament_python'
[0.537s] Level 1:colcon.colcon_core.shell:create_environment_hook('motor_driver_test', 'ament_prefix_path')
[0.538s] INFO:colcon.colcon_core.shell:Creating environment hook '/home/rbrv/ros2_ws/install/motor_driver_test/share/motor_driver_test/hook/ament_prefix_path.ps1'
[0.539s] INFO:colcon.colcon_core.shell:Creating environment descriptor '/home/rbrv/ros2_ws/install/motor_driver_test/share/motor_driver_test/hook/ament_prefix_path.dsv'
[0.539s] INFO:colcon.colcon_core.shell:Creating environment hook '/home/rbrv/ros2_ws/install/motor_driver_test/share/motor_driver_test/hook/ament_prefix_path.sh'
[0.540s] INFO:colcon.colcon_core.shell:Skip shell extension 'powershell' for command environment: Not usable outside of PowerShell
[0.540s] DEBUG:colcon.colcon_core.shell:Skip shell extension 'dsv' for command environment
[1.176s] INFO:colcon.colcon_core.task.python.build:Building Python package in '/home/rbrv/ros2_ws/src/imu_sensor'
[1.176s] INFO:colcon.colcon_core.shell:Skip shell extension 'powershell' for command environment: Not usable outside of PowerShell
[1.176s] DEBUG:colcon.colcon_core.shell:Skip shell extension 'dsv' for command environment
[1.663s] INFO:colcon.colcon_core.task.python.build:Building Python package in '/home/rbrv/ros2_ws/src/mecanum_driver_pid'
[1.664s] INFO:colcon.colcon_core.shell:Skip shell extension 'powershell' for command environment: Not usable outside of PowerShell
[1.664s] DEBUG:colcon.colcon_core.shell:Skip shell extension 'dsv' for command environment
[2.245s] INFO:colcon.colcon_core.task.python.build:Building Python package in '/home/rbrv/ros2_ws/src/motor_driver_test'
[2.246s] INFO:colcon.colcon_core.shell:Skip shell extension 'powershell' for command environment: Not usable outside of PowerShell
[2.246s] DEBUG:colcon.colcon_core.shell:Skip shell extension 'dsv' for command environment
[4.848s] DEBUG:colcon.colcon_core.task.python.build:Available setuptools commands: init_catalog, dist_info, build, alias, extract_messages, upload_docs, bdist_dumb, bdist_egg, install_egg_info, bdist_wheel, symlink_data, install_scripts, editable_wheel, bdist_rpm, easy_install, clean, bdist, install_lib, build_py, setopt, rotate, update_catalog, build_clib, check, register, install_headers, develop, test, install_data, upload, build_ext, build_scripts, compile_catalog, egg_info, saveopts, sdist, install
[4.915s] DEBUG:colcon.colcon_core.task.python.build:Available setuptools commands: init_catalog, dist_info, build, alias, extract_messages, upload_docs, bdist_dumb, bdist_egg, install_egg_info, bdist_wheel, symlink_data, install_scripts, editable_wheel, bdist_rpm, easy_install, clean, bdist, install_lib, build_py, setopt, rotate, update_catalog, build_clib, check, register, install_headers, develop, test, install_data, upload, build_ext, build_scripts, compile_catalog, egg_info, saveopts, sdist, install
[4.924s] DEBUG:colcon.colcon_core.task.python.build:Available setuptools commands: init_catalog, dist_info, build, alias, extract_messages, upload_docs, bdist_dumb, bdist_egg, install_egg_info, bdist_wheel, symlink_data, install_scripts, editable_wheel, bdist_rpm, easy_install, clean, bdist, install_lib, build_py, setopt, rotate, update_catalog, build_clib, check, register, install_headers, develop, test, install_data, upload, build_ext, build_scripts, compile_catalog, egg_info, saveopts, sdist, install
[6.353s] DEBUG:colcon.colcon_core.task.python.build:Available setuptools 'develop' options: --no-find-links, --upgrade, --verbose, --uninstall, --editable, --record, --site-dirs, --version, --optimize, --egg-path, --install-layout, --zip-ok, --install-dir, --prefix, --always-unzip, --index-url, --script-dir, --help, --build-directory, --dry-run, --force-installation-into-system-dir, --no-deps, --find-links, --user, --quiet, --always-copy, --exclude-scripts, --allow-hosts, --no-user-cfg, --local-snapshots-ok, --multi-version
[6.362s] DEBUG:colcon.colcon_core.event_handler.log_command:Invoking command in '/home/rbrv/ros2_ws/build/motor_driver_test': DEBUGINFOD_URLS=https://debuginfod.ubuntu.com PYTHONPATH=/home/rbrv/ros2_ws/build/motor_driver_test/prefix_override:/usr/lib/python3/dist-packages/colcon_core/task/python/colcon_distutils_commands:/home/rbrv/ros2_ws/install/motor_driver_test/lib/python3.12/site-packages:${PYTHONPATH} /usr/bin/python3 -W ignore:setup.py install is deprecated -W ignore:easy_install command is deprecated setup.py develop --editable --build-directory /home/rbrv/ros2_ws/build/motor_driver_test/build --no-deps symlink_data
[6.466s] DEBUG:colcon.colcon_core.task.python.build:Available setuptools 'develop' options: --no-find-links, --upgrade, --verbose, --uninstall, --editable, --record, --site-dirs, --version, --optimize, --egg-path, --install-layout, --zip-ok, --install-dir, --prefix, --always-unzip, --index-url, --script-dir, --help, --build-directory, --dry-run, --force-installation-into-system-dir, --no-deps, --find-links, --user, --quiet, --always-copy, --exclude-scripts, --allow-hosts, --no-user-cfg, --local-snapshots-ok, --multi-version
[6.469s] DEBUG:colcon.colcon_core.event_handler.log_command:Invoking command in '/home/rbrv/ros2_ws/build/imu_sensor': DEBUGINFOD_URLS=https://debuginfod.ubuntu.com PYTHONPATH=/home/rbrv/ros2_ws/build/imu_sensor/prefix_override:/usr/lib/python3/dist-packages/colcon_core/task/python/colcon_distutils_commands:/home/rbrv/ros2_ws/install/imu_sensor/lib/python3.12/site-packages:${PYTHONPATH} /usr/bin/python3 -W ignore:setup.py install is deprecated -W ignore:easy_install command is deprecated setup.py develop --editable --build-directory /home/rbrv/ros2_ws/build/imu_sensor/build --no-deps symlink_data
[6.806s] DEBUG:colcon.colcon_core.task.python.build:Available setuptools 'develop' options: --no-find-links, --upgrade, --verbose, --uninstall, --editable, --record, --site-dirs, --version, --optimize, --egg-path, --install-layout, --zip-ok, --install-dir, --prefix, --always-unzip, --index-url, --script-dir, --help, --build-directory, --dry-run, --force-installation-into-system-dir, --no-deps, --find-links, --user, --quiet, --always-copy, --exclude-scripts, --allow-hosts, --no-user-cfg, --local-snapshots-ok, --multi-version
[6.817s] DEBUG:colcon.colcon_core.event_handler.log_command:Invoking command in '/home/rbrv/ros2_ws/build/mecanum_driver_pid': DEBUGINFOD_URLS=https://debuginfod.ubuntu.com PYTHONPATH=/home/rbrv/ros2_ws/build/mecanum_driver_pid/prefix_override:/usr/lib/python3/dist-packages/colcon_core/task/python/colcon_distutils_commands:/home/rbrv/ros2_ws/install/mecanum_driver_pid/lib/python3.12/site-packages:${PYTHONPATH} /usr/bin/python3 -W ignore:setup.py install is deprecated -W ignore:easy_install command is deprecated setup.py develop --editable --build-directory /home/rbrv/ros2_ws/build/mecanum_driver_pid/build --no-deps symlink_data
[9.286s] Level 1:colcon.colcon_core.shell:create_environment_hook('imu_sensor', 'pythonpath_develop')
[9.288s] INFO:colcon.colcon_core.shell:Creating environment hook '/home/rbrv/ros2_ws/build/imu_sensor/share/imu_sensor/hook/pythonpath_develop.ps1'
[9.292s] DEBUG:colcon.colcon_core.event_handler.log_command:Invoked command in '/home/rbrv/ros2_ws/build/imu_sensor' returned '0': DEBUGINFOD_URLS=https://debuginfod.ubuntu.com PYTHONPATH=/home/rbrv/ros2_ws/build/imu_sensor/prefix_override:/usr/lib/python3/dist-packages/colcon_core/task/python/colcon_distutils_commands:/home/rbrv/ros2_ws/install/imu_sensor/lib/python3.12/site-packages:${PYTHONPATH} /usr/bin/python3 -W ignore:setup.py install is deprecated -W ignore:easy_install command is deprecated setup.py develop --editable --build-directory /home/rbrv/ros2_ws/build/imu_sensor/build --no-deps symlink_data
[9.294s] INFO:colcon.colcon_core.shell:Creating environment descriptor '/home/rbrv/ros2_ws/build/imu_sensor/share/imu_sensor/hook/pythonpath_develop.dsv'
[9.297s] INFO:colcon.colcon_core.shell:Creating environment hook '/home/rbrv/ros2_ws/build/imu_sensor/share/imu_sensor/hook/pythonpath_develop.sh'
[9.309s] Level 1:colcon.colcon_core.environment:checking '/home/rbrv/ros2_ws/install/imu_sensor' for CMake module files
[9.311s] Level 1:colcon.colcon_core.environment:checking '/home/rbrv/ros2_ws/install/imu_sensor' for CMake config files
[9.313s] Level 1:colcon.colcon_core.environment:checking '/home/rbrv/ros2_ws/install/imu_sensor/lib'
[9.313s] Level 1:colcon.colcon_core.environment:checking '/home/rbrv/ros2_ws/install/imu_sensor/bin'
[9.313s] Level 1:colcon.colcon_core.environment:checking '/home/rbrv/ros2_ws/install/imu_sensor/lib/pkgconfig/imu_sensor.pc'
[9.314s] Level 1:colcon.colcon_core.environment:checking '/home/rbrv/ros2_ws/install/imu_sensor/lib/python3.12/site-packages'
[9.314s] Level 1:colcon.colcon_core.shell:create_environment_hook('imu_sensor', 'pythonpath')
[9.315s] INFO:colcon.colcon_core.shell:Creating environment hook '/home/rbrv/ros2_ws/install/imu_sensor/share/imu_sensor/hook/pythonpath.ps1'
[9.316s] INFO:colcon.colcon_core.shell:Creating environment descriptor '/home/rbrv/ros2_ws/install/imu_sensor/share/imu_sensor/hook/pythonpath.dsv'
[9.316s] INFO:colcon.colcon_core.shell:Creating environment hook '/home/rbrv/ros2_ws/install/imu_sensor/share/imu_sensor/hook/pythonpath.sh'
[9.318s] Level 1:colcon.colcon_core.environment:checking '/home/rbrv/ros2_ws/install/imu_sensor/bin'
[9.318s] Level 1:colcon.colcon_core.environment:create_environment_scripts_only(imu_sensor)
[9.319s] INFO:colcon.colcon_core.shell:Creating package script '/home/rbrv/ros2_ws/install/imu_sensor/share/imu_sensor/package.ps1'
[9.327s] INFO:colcon.colcon_core.shell:Creating package descriptor '/home/rbrv/ros2_ws/install/imu_sensor/share/imu_sensor/package.dsv'
[9.336s] INFO:colcon.colcon_core.shell:Creating package script '/home/rbrv/ros2_ws/install/imu_sensor/share/imu_sensor/package.sh'
[9.338s] INFO:colcon.colcon_core.shell:Creating package script '/home/rbrv/ros2_ws/install/imu_sensor/share/imu_sensor/package.bash'
[9.341s] INFO:colcon.colcon_core.shell:Creating package script '/home/rbrv/ros2_ws/install/imu_sensor/share/imu_sensor/package.zsh'
[9.345s] Level 1:colcon.colcon_core.environment:create_file_with_runtime_dependencies(/home/rbrv/ros2_ws/install/imu_sensor/share/colcon-core/packages/imu_sensor)
[9.411s] Level 1:colcon.colcon_core.shell:create_environment_hook('motor_driver_test', 'pythonpath_develop')
[9.412s] INFO:colcon.colcon_core.shell:Creating environment hook '/home/rbrv/ros2_ws/build/motor_driver_test/share/motor_driver_test/hook/pythonpath_develop.ps1'
[9.412s] DEBUG:colcon.colcon_core.event_handler.log_command:Invoked command in '/home/rbrv/ros2_ws/build/motor_driver_test' returned '0': DEBUGINFOD_URLS=https://debuginfod.ubuntu.com PYTHONPATH=/home/rbrv/ros2_ws/build/motor_driver_test/prefix_override:/usr/lib/python3/dist-packages/colcon_core/task/python/colcon_distutils_commands:/home/rbrv/ros2_ws/install/motor_driver_test/lib/python3.12/site-packages:${PYTHONPATH} /usr/bin/python3 -W ignore:setup.py install is deprecated -W ignore:easy_install command is deprecated setup.py develop --editable --build-directory /home/rbrv/ros2_ws/build/motor_driver_test/build --no-deps symlink_data
[9.414s] INFO:colcon.colcon_core.shell:Creating environment descriptor '/home/rbrv/ros2_ws/build/motor_driver_test/share/motor_driver_test/hook/pythonpath_develop.dsv'
[9.414s] INFO:colcon.colcon_core.shell:Creating environment hook '/home/rbrv/ros2_ws/build/motor_driver_test/share/motor_driver_test/hook/pythonpath_develop.sh'
[9.415s] Level 1:colcon.colcon_core.environment:checking '/home/rbrv/ros2_ws/install/motor_driver_test' for CMake module files
[9.417s] Level 1:colcon.colcon_core.environment:checking '/home/rbrv/ros2_ws/install/motor_driver_test' for CMake config files
[9.417s] Level 1:colcon.colcon_core.environment:checking '/home/rbrv/ros2_ws/install/motor_driver_test/lib'
[9.417s] Level 1:colcon.colcon_core.environment:checking '/home/rbrv/ros2_ws/install/motor_driver_test/bin'
[9.417s] Level 1:colcon.colcon_core.environment:checking '/home/rbrv/ros2_ws/install/motor_driver_test/lib/pkgconfig/motor_driver_test.pc'
[9.418s] Level 1:colcon.colcon_core.environment:checking '/home/rbrv/ros2_ws/install/motor_driver_test/lib/python3.12/site-packages'
[9.418s] Level 1:colcon.colcon_core.shell:create_environment_hook('motor_driver_test', 'pythonpath')
[9.418s] INFO:colcon.colcon_core.shell:Creating environment hook '/home/rbrv/ros2_ws/install/motor_driver_test/share/motor_driver_test/hook/pythonpath.ps1'
[9.419s] INFO:colcon.colcon_core.shell:Creating environment descriptor '/home/rbrv/ros2_ws/install/motor_driver_test/share/motor_driver_test/hook/pythonpath.dsv'
[9.420s] INFO:colcon.colcon_core.shell:Creating environment hook '/home/rbrv/ros2_ws/install/motor_driver_test/share/motor_driver_test/hook/pythonpath.sh'
[9.424s] Level 1:colcon.colcon_core.environment:checking '/home/rbrv/ros2_ws/install/motor_driver_test/bin'
[9.424s] Level 1:colcon.colcon_core.environment:create_environment_scripts_only(motor_driver_test)
[9.424s] INFO:colcon.colcon_core.shell:Creating package script '/home/rbrv/ros2_ws/install/motor_driver_test/share/motor_driver_test/package.ps1'
[9.426s] INFO:colcon.colcon_core.shell:Creating package descriptor '/home/rbrv/ros2_ws/install/motor_driver_test/share/motor_driver_test/package.dsv'
[9.427s] INFO:colcon.colcon_core.shell:Creating package script '/home/rbrv/ros2_ws/install/motor_driver_test/share/motor_driver_test/package.sh'
[9.428s] INFO:colcon.colcon_core.shell:Creating package script '/home/rbrv/ros2_ws/install/motor_driver_test/share/motor_driver_test/package.bash'
[9.428s] INFO:colcon.colcon_core.shell:Creating package script '/home/rbrv/ros2_ws/install/motor_driver_test/share/motor_driver_test/package.zsh'
[9.429s] Level 1:colcon.colcon_core.environment:create_file_with_runtime_dependencies(/home/rbrv/ros2_ws/install/motor_driver_test/share/colcon-core/packages/motor_driver_test)
[9.919s] Level 1:colcon.colcon_core.shell:create_environment_hook('mecanum_driver_pid', 'pythonpath_develop')
[9.920s] INFO:colcon.colcon_core.shell:Creating environment hook '/home/rbrv/ros2_ws/build/mecanum_driver_pid/share/mecanum_driver_pid/hook/pythonpath_develop.ps1'
[9.922s] INFO:colcon.colcon_core.shell:Creating environment descriptor '/home/rbrv/ros2_ws/build/mecanum_driver_pid/share/mecanum_driver_pid/hook/pythonpath_develop.dsv'
[9.924s] DEBUG:colcon.colcon_core.event_handler.log_command:Invoked command in '/home/rbrv/ros2_ws/build/mecanum_driver_pid' returned '0': DEBUGINFOD_URLS=https://debuginfod.ubuntu.com PYTHONPATH=/home/rbrv/ros2_ws/build/mecanum_driver_pid/prefix_override:/usr/lib/python3/dist-packages/colcon_core/task/python/colcon_distutils_commands:/home/rbrv/ros2_ws/install/mecanum_driver_pid/lib/python3.12/site-packages:${PYTHONPATH} /usr/bin/python3 -W ignore:setup.py install is deprecated -W ignore:easy_install command is deprecated setup.py develop --editable --build-directory /home/rbrv/ros2_ws/build/mecanum_driver_pid/build --no-deps symlink_data
[9.927s] INFO:colcon.colcon_core.shell:Creating environment hook '/home/rbrv/ros2_ws/build/mecanum_driver_pid/share/mecanum_driver_pid/hook/pythonpath_develop.sh'
[9.929s] Level 1:colcon.colcon_core.environment:checking '/home/rbrv/ros2_ws/install/mecanum_driver_pid' for CMake module files
[9.930s] Level 1:colcon.colcon_core.environment:checking '/home/rbrv/ros2_ws/install/mecanum_driver_pid' for CMake config files
[9.931s] Level 1:colcon.colcon_core.environment:checking '/home/rbrv/ros2_ws/install/mecanum_driver_pid/lib'
[9.931s] Level 1:colcon.colcon_core.environment:checking '/home/rbrv/ros2_ws/install/mecanum_driver_pid/bin'
[9.932s] Level 1:colcon.colcon_core.environment:checking '/home/rbrv/ros2_ws/install/mecanum_driver_pid/lib/pkgconfig/mecanum_driver_pid.pc'
[9.932s] Level 1:colcon.colcon_core.environment:checking '/home/rbrv/ros2_ws/install/mecanum_driver_pid/lib/python3.12/site-packages'
[9.932s] Level 1:colcon.colcon_core.shell:create_environment_hook('mecanum_driver_pid', 'pythonpath')
[9.933s] INFO:colcon.colcon_core.shell:Creating environment hook '/home/rbrv/ros2_ws/install/mecanum_driver_pid/share/mecanum_driver_pid/hook/pythonpath.ps1'
[9.934s] INFO:colcon.colcon_core.shell:Creating environment descriptor '/home/rbrv/ros2_ws/install/mecanum_driver_pid/share/mecanum_driver_pid/hook/pythonpath.dsv'
[9.934s] INFO:colcon.colcon_core.shell:Creating environment hook '/home/rbrv/ros2_ws/install/mecanum_driver_pid/share/mecanum_driver_pid/hook/pythonpath.sh'
[9.936s] Level 1:colcon.colcon_core.environment:checking '/home/rbrv/ros2_ws/install/mecanum_driver_pid/bin'
[9.936s] Level 1:colcon.colcon_core.environment:create_environment_scripts_only(mecanum_driver_pid)
[9.936s] INFO:colcon.colcon_core.shell:Creating package script '/home/rbrv/ros2_ws/install/mecanum_driver_pid/share/mecanum_driver_pid/package.ps1'
[9.938s] INFO:colcon.colcon_core.shell:Creating package descriptor '/home/rbrv/ros2_ws/install/mecanum_driver_pid/share/mecanum_driver_pid/package.dsv'
[9.939s] INFO:colcon.colcon_core.shell:Creating package script '/home/rbrv/ros2_ws/install/mecanum_driver_pid/share/mecanum_driver_pid/package.sh'
[9.940s] INFO:colcon.colcon_core.shell:Creating package script '/home/rbrv/ros2_ws/install/mecanum_driver_pid/share/mecanum_driver_pid/package.bash'
[9.940s] INFO:colcon.colcon_core.shell:Creating package script '/home/rbrv/ros2_ws/install/mecanum_driver_pid/share/mecanum_driver_pid/package.zsh'
[9.941s] Level 1:colcon.colcon_core.environment:create_file_with_runtime_dependencies(/home/rbrv/ros2_ws/install/mecanum_driver_pid/share/colcon-core/packages/mecanum_driver_pid)
[9.941s] DEBUG:colcon.colcon_parallel_executor.executor.parallel:closing loop
[9.943s] DEBUG:colcon.colcon_parallel_executor.executor.parallel:loop closed
[9.943s] DEBUG:colcon.colcon_parallel_executor.executor.parallel:run_until_complete finished with '0'
[9.943s] DEBUG:colcon.colcon_core.event_reactor:joining thread
[9.978s] INFO:colcon.colcon_core.plugin_system:Skipping extension 'colcon_notification.desktop_notification.terminal_notifier': Not used on non-Darwin systems
[9.978s] INFO:colcon.colcon_core.plugin_system:Skipping extension 'colcon_notification.desktop_notification.win32': Not used on non-Windows systems
[9.978s] INFO:colcon.colcon_notification.desktop_notification:Sending desktop notification using 'notify2'
[10.031s] DEBUG:colcon.colcon_core.event_reactor:joined thread
[10.032s] INFO:colcon.colcon_core.shell:Creating prefix script '/home/rbrv/ros2_ws/install/local_setup.ps1'
[10.033s] INFO:colcon.colcon_core.shell:Creating prefix util module '/home/rbrv/ros2_ws/install/_local_setup_util_ps1.py'
[10.035s] INFO:colcon.colcon_core.shell:Creating prefix chain script '/home/rbrv/ros2_ws/install/setup.ps1'
[10.041s] INFO:colcon.colcon_core.shell:Creating prefix script '/home/rbrv/ros2_ws/install/local_setup.sh'
[10.043s] INFO:colcon.colcon_core.shell:Creating prefix util module '/home/rbrv/ros2_ws/install/_local_setup_util_sh.py'
[10.046s] INFO:colcon.colcon_core.shell:Creating prefix chain script '/home/rbrv/ros2_ws/install/setup.sh'
[10.050s] INFO:colcon.colcon_core.shell:Creating prefix script '/home/rbrv/ros2_ws/install/local_setup.bash'
[10.052s] INFO:colcon.colcon_core.shell:Creating prefix chain script '/home/rbrv/ros2_ws/install/setup.bash'
[10.055s] INFO:colcon.colcon_core.shell:Creating prefix script '/home/rbrv/ros2_ws/install/local_setup.zsh'
[10.056s] INFO:colcon.colcon_core.shell:Creating prefix chain script '/home/rbrv/ros2_ws/install/setup.zsh'
