[6.834s] Invoking command in '/home/rbrv/ros2_ws/build/imu_sensor': DEBUGINFOD_URLS=https://debuginfod.ubuntu.com PYTHONPATH=/home/rbrv/ros2_ws/build/imu_sensor/prefix_override:/usr/lib/python3/dist-packages/colcon_core/task/python/colcon_distutils_commands:/home/rbrv/ros2_ws/install/imu_sensor/lib/python3.12/site-packages:${PYTHONPATH} /usr/bin/python3 -W ignore:setup.py install is deprecated -W ignore:easy_install command is deprecated setup.py develop --editable --build-directory /home/rbrv/ros2_ws/build/imu_sensor/build --no-deps symlink_data
[8.107s] running develop
[8.858s] running egg_info
[8.860s] creating imu_sensor.egg-info
[9.000s] writing imu_sensor.egg-info/PKG-INFO
[9.000s] writing dependency_links to imu_sensor.egg-info/dependency_links.txt
[9.001s] writing entry points to imu_sensor.egg-info/entry_points.txt
[9.003s] writing requirements to imu_sensor.egg-info/requires.txt
[9.003s] writing top-level names to imu_sensor.egg-info/top_level.txt
[9.003s] writing manifest file 'imu_sensor.egg-info/SOURCES.txt'
[9.070s] reading manifest file 'imu_sensor.egg-info/SOURCES.txt'
[9.076s] writing manifest file 'imu_sensor.egg-info/SOURCES.txt'
[9.135s] running build_ext
[9.221s] Creating /home/rbrv/ros2_ws/install/imu_sensor/lib/python3.12/site-packages/imu-sensor.egg-link (link to .)
[9.224s] Installing mpu6050_node script to /home/rbrv/ros2_ws/install/imu_sensor/lib/imu_sensor
[9.224s] 
[9.224s] Installed /home/rbrv/ros2_ws/build/imu_sensor
[9.225s] running symlink_data
[9.225s] creating /home/rbrv/ros2_ws/install/imu_sensor/share/ament_index
[9.225s] creating /home/rbrv/ros2_ws/install/imu_sensor/share/ament_index/resource_index
[9.225s] creating /home/rbrv/ros2_ws/install/imu_sensor/share/ament_index/resource_index/packages
[9.225s] symbolically linking /home/rbrv/ros2_ws/build/imu_sensor/resource/imu_sensor -> /home/rbrv/ros2_ws/install/imu_sensor/share/ament_index/resource_index/packages
[9.226s] symbolically linking /home/rbrv/ros2_ws/build/imu_sensor/package.xml -> /home/rbrv/ros2_ws/install/imu_sensor/share/imu_sensor
[9.515s] Invoked command in '/home/rbrv/ros2_ws/build/imu_sensor' returned '0': DEBUGINFOD_URLS=https://debuginfod.ubuntu.com PYTHONPATH=/home/rbrv/ros2_ws/build/imu_sensor/prefix_override:/usr/lib/python3/dist-packages/colcon_core/task/python/colcon_distutils_commands:/home/rbrv/ros2_ws/install/imu_sensor/lib/python3.12/site-packages:${PYTHONPATH} /usr/bin/python3 -W ignore:setup.py install is deprecated -W ignore:easy_install command is deprecated setup.py develop --editable --build-directory /home/rbrv/ros2_ws/build/imu_sensor/build --no-deps symlink_data
